Build started 4/13/2015 2:53:17 PM.
     1>Project "C:\Users\staff_2\Documents\FoS\submodules\cinder_master\blocks\KinectRecordingTools\samples\ProjectionSample\vc2013\ProjectionSample.vcxproj" on node 2 (Build target(s)).
     1>ClCompile:
         C:\Program Files (x86)\Microsoft Visual Studio 12.0\VC\bin\CL.exe /c /I..\include /I..\..\..\..\..\\include /I..\..\..\..\..\\boost /I"..\..\..\..\Cinder-KCB2\src" /I"..\..\..\..\Cinder-KCB2\lib" /I"C:\Program Files\Microsoft SDKs\Kinect\v2.0_1409\\inc" /I..\..\..\code\include /ZI /nologo /W3 /WX- /MP /Od /Oy- /D WIN32 /D _DEBUG /D _WINDOWS /D NOMINMAX /D _WIN32_WINNT=0x0502 /D _UNICODE /D UNICODE /Gm /EHsc /RTC1 /MTd /GS /fp:precise /Zc:wchar_t /Zc:forScope /Fo"Debug\\" /Fd"Debug\vc120.pdb" /Gd /TP /analyze- /errorReport:prompt ..\..\..\code\include\Projection.cpp ..\src\ProjectionSampleApp.cpp "..\..\..\..\Cinder-KCB2\src\Kinect2.cpp"
     1>cl : Command line warning D9030: '/Gm' is incompatible with multiprocessing; ignoring /MP switch
         Kinect2.cpp
     1>c:\users\staff_2\documents\fos\submodules\cinder_master\blocks\cinder-kcb2\src\kinect2.cpp(2071): warning C4996: 'sprintf': This function or variable may be unsafe. Consider using sprintf_s instead. To disable deprecation, use _CRT_SECURE_NO_WARNINGS. See online help for details.
                 c:\program files (x86)\microsoft visual studio 12.0\vc\include\stdio.h(356) : see declaration of 'sprintf'
     1>c:\users\staff_2\documents\fos\submodules\cinder_master\blocks\cinder-kcb2\src\kinect2.cpp(2076): warning C4996: 'sprintf': This function or variable may be unsafe. Consider using sprintf_s instead. To disable deprecation, use _CRT_SECURE_NO_WARNINGS. See online help for details.
                 c:\program files (x86)\microsoft visual studio 12.0\vc\include\stdio.h(356) : see declaration of 'sprintf'
     1>c:\users\staff_2\documents\fos\submodules\cinder_master\blocks\cinder-kcb2\src\kinect2.cpp(2081): warning C4996: 'sprintf': This function or variable may be unsafe. Consider using sprintf_s instead. To disable deprecation, use _CRT_SECURE_NO_WARNINGS. See online help for details.
                 c:\program files (x86)\microsoft visual studio 12.0\vc\include\stdio.h(356) : see declaration of 'sprintf'
         ProjectionSampleApp.cpp
     1>c:\users\staff_2\documents\fos\submodules\cinder_master\blocks\kinectrecordingtools\samples\projectionsample\src\projectionsampleapp.cpp(47): warning C4244: 'argument' : conversion from 'int' to 'float', possible loss of data
     1>c:\users\staff_2\documents\fos\submodules\cinder_master\blocks\kinectrecordingtools\samples\projectionsample\src\projectionsampleapp.cpp(64): warning C4244: 'initializing' : conversion from 'double' to 'float', possible loss of data
     1>c:\users\staff_2\documents\fos\submodules\cinder_master\blocks\kinectrecordingtools\samples\projectionsample\src\projectionsampleapp.cpp(65): warning C4244: 'initializing' : conversion from 'double' to 'float', possible loss of data
         Projection.cpp
         Generating Code...
       ResourceCompile:
         C:\Program Files (x86)\Windows Kits\8.1\bin\x86\rc.exe /D _UNICODE /D UNICODE /l"0x0409" /I..\..\..\..\..\\include /I..\include /nologo /fo"Debug\Resources.res" Resources.rc 
       Link:
         C:\Program Files (x86)\Microsoft Visual Studio 12.0\VC\bin\link.exe /ERRORREPORT:PROMPT /OUT:"C:\Users\staff_2\Documents\FoS\submodules\cinder_master\blocks\KinectRecordingTools\samples\ProjectionSample\vc2013\Debug\ProjectionSample.exe" /INCREMENTAL /NOLOGO /LIBPATH:..\..\..\..\..\\lib\msw\x86 "cinder-v120_d.lib" kernel32.lib user32.lib gdi32.lib winspool.lib comdlg32.lib advapi32.lib shell32.lib ole32.lib oleaut32.lib uuid.lib odbc32.lib odbccp32.lib "..\..\..\..\Cinder-KCB2\lib\x86\Debug\KCBv2.lib" "C:\Program Files\Microsoft SDKs\Kinect\v2.0_1409\\lib\x86\kinect20.lib" "C:\Program Files\Microsoft SDKs\Kinect\v2.0_1409\\lib\x86\Kinect20.Face.lib" /NODEFAULTLIB:LIBCMT /NODEFAULTLIB:LIBCPMT /MANIFEST /MANIFESTUAC:"level='asInvoker' uiAccess='false'" /manifest:embed /DEBUG /PDB:"C:\Users\staff_2\Documents\FoS\submodules\cinder_master\blocks\KinectRecordingTools\samples\ProjectionSample\vc2013\Debug\ProjectionSample.pdb" /SUBSYSTEM:WINDOWS /TLBID:1 /DYNAMICBASE:NO /IMPLIB:"C:\Users\staff_2\Documents\FoS\submodules\cinder_master\blocks\KinectRecordingTools\samples\ProjectionSample\vc2013\Debug\ProjectionSample.lib" /MACHINE:X86 Debug\Resources.res
         Debug\Projection.obj
         Debug\ProjectionSampleApp.obj
         Debug\Kinect2.obj
         ProjectionSample.vcxproj -> C:\Users\staff_2\Documents\FoS\submodules\cinder_master\blocks\KinectRecordingTools\samples\ProjectionSample\vc2013\Debug\ProjectionSample.exe
       PostBuildEvent:
         xcopy /y "..\..\..\..\Cinder-KCB2\lib\x86\Debug\KCBv2.dll" "C:\Users\staff_2\Documents\FoS\submodules\cinder_master\blocks\KinectRecordingTools\samples\ProjectionSample\vc2013\Debug\"
         xcopy /y "C:\Program Files\Microsoft SDKs\Kinect\v2.0_1409\Redist\Face\x86\Kinect20.Face.dll" "C:\Users\staff_2\Documents\FoS\submodules\cinder_master\blocks\KinectRecordingTools\samples\ProjectionSample\vc2013\Debug\"
         :VCEnd
         ..\..\..\..\Cinder-KCB2\lib\x86\Debug\KCBv2.dll
         1 File(s) copied
         C:\Program Files\Microsoft SDKs\Kinect\v2.0_1409\Redist\Face\x86\Kinect20.Face.dll
         1 File(s) copied
     1>Done Building Project "C:\Users\staff_2\Documents\FoS\submodules\cinder_master\blocks\KinectRecordingTools\samples\ProjectionSample\vc2013\ProjectionSample.vcxproj" (Build target(s)).

Build succeeded.

Time Elapsed 00:00:17.21
